<?xml version="1.0" encoding="UTF-8"?>
<testsuite name="DartsTest" tests="13" skipped="0" failures="0" errors="0" timestamp="2019-12-02T23:14:33" hostname="sfoskitt1271" time="0.008">
  <properties/>
  <testcase name="exactlyOnCentre" classname="DartsTest" time="0.003"/>
  <testcase name="onTheInnerCircle" classname="DartsTest" time="0.0"/>
  <testcase name="justWithinTheInnerCircle" classname="DartsTest" time="0.0"/>
  <testcase name="justWithinTheMiddleCirlce" classname="DartsTest" time="0.001"/>
  <testcase name="asymmetricPositionBetweenTheInnerAndMiddleCircles" classname="DartsTest" time="0.0"/>
  <testcase name="nearTheCentre" classname="DartsTest" time="0.0"/>
  <testcase name="missedTarget" classname="DartsTest" time="0.0"/>
  <testcase name="justOutsideTheOuterCircle" classname="DartsTest" time="0.0"/>
  <testcase name="justOutsideTheMiddleCircle" classname="DartsTest" time="0.0"/>
  <testcase name="onTheMiddleCircle" classname="DartsTest" time="0.0"/>
  <testcase name="onTheOuterCircle" classname="DartsTest" time="0.0"/>
  <testcase name="justWithinTheOuterCirlce" classname="DartsTest" time="0.001"/>
  <testcase name="justOutsideTheInnerCircle" classname="DartsTest" time="0.0"/>
  <system-out><![CDATA[rad 0.0
rad 1.0
rad 0.9899494936611665
rad 4.949747468305833
rad 4.031128874149275
rad 0.14142135623730953
rad 12.727922061357855
rad 10.040916292848975
rad 5.091168824543142
rad 5.0
rad 10.0
rad 9.899494936611665
rad 1.1313708498984762
]]></system-out>
  <system-err><![CDATA[]]></system-err>
</testsuite>
